2025-03-12 09:53:03,610 - INFO - Starting Amazon Price Monitor...
2025-03-12 09:53:03,610 - INFO - Monitoring 1 products
2025-03-12 09:53:03,610 - INFO - 
Checking prices at 2025-03-12 09:53:03
2025-03-12 09:53:03,793 - ERROR - Parsing error: Could not find price element on the page
2025-03-12 09:53:03,793 - INFO - Waiting 60 seconds before next check...
2025-03-12 09:53:04,392 - INFO - Starting Amazon Price Monitor...
2025-03-12 09:53:04,392 - INFO - Monitoring 1 products
2025-03-12 09:53:04,392 - INFO - 
Checking prices at 2025-03-12 09:53:04
2025-03-12 09:53:04,555 - ERROR - Parsing error: Could not find price element on the page
2025-03-12 09:53:04,555 - INFO - Waiting 60 seconds before next check...
2025-03-12 09:53:41,503 - INFO - Starting Amazon Price Monitor...
2025-03-12 09:53:41,505 - INFO - Monitoring 1 products
2025-03-12 09:53:41,506 - INFO - 
Checking prices at 2025-03-12 09:53:41
2025-03-12 09:53:41,766 - ERROR - Network error: 404 Client Error: Not Found for url: https://www.amazon.com/dp/B084DWCZXZ
2025-03-12 09:53:41,767 - INFO - Waiting 60 seconds before next check...
2025-03-12 09:54:38,571 - INFO - Starting Amazon Price Monitor...
2025-03-12 09:54:38,572 - INFO - Monitoring 1 products
2025-03-12 09:54:38,572 - INFO - 
Checking prices at 2025-03-12 09:54:38
2025-03-12 09:54:42,595 - INFO - Current price: $199.00, Target: $29.99
2025-03-12 09:54:42,595 - INFO - Waiting 60 seconds before next check...
2025-03-12 09:54:44,316 - INFO - Starting Amazon Price Monitor...
2025-03-12 09:54:44,316 - INFO - Monitoring 1 products
2025-03-12 09:54:44,316 - INFO - 
Checking prices at 2025-03-12 09:54:44
2025-03-12 09:54:48,415 - INFO - Current price: $199.00, Target: $29.99
2025-03-12 09:54:48,416 - INFO - Waiting 60 seconds before next check...
2025-03-12 09:55:42,595 - INFO - 
Checking prices at 2025-03-12 09:55:42
2025-03-12 09:55:45,635 - INFO - Current price: $199.00, Target: $29.99
2025-03-12 09:55:45,635 - INFO - Waiting 60 seconds before next check...
2025-03-12 09:55:48,416 - INFO - 
Checking prices at 2025-03-12 09:55:48
2025-03-12 09:55:48,525 - ERROR - Network error (attempt 1/3): 500 Server Error: Internal Server Error for url: https://www.amazon.com/dp/B07ZPKBL9V
2025-03-12 09:55:56,547 - INFO - Current price: $199.00, Target: $29.99
2025-03-12 09:55:56,548 - INFO - Waiting 60 seconds before next check...
2025-03-12 09:56:45,636 - INFO - 
Checking prices at 2025-03-12 09:56:45
2025-03-12 09:56:50,661 - INFO - Current price: $199.00, Target: $29.99
2025-03-12 09:56:50,662 - INFO - Waiting 60 seconds before next check...
2025-03-12 09:56:56,548 - INFO - 
Checking prices at 2025-03-12 09:56:56
2025-03-12 09:56:59,586 - INFO - Current price: $199.00, Target: $29.99
2025-03-12 09:56:59,586 - INFO - Waiting 60 seconds before next check...
2025-03-12 09:57:50,662 - INFO - 
Checking prices at 2025-03-12 09:57:50
2025-03-12 09:57:54,726 - INFO - Current price: $199.00, Target: $29.99
2025-03-12 09:57:54,729 - INFO - Waiting 60 seconds before next check...
2025-03-12 09:57:59,589 - INFO - 
Checking prices at 2025-03-12 09:57:59
2025-03-12 09:58:03,767 - INFO - Current price: $199.00, Target: $29.99
2025-03-12 09:58:03,768 - INFO - Waiting 60 seconds before next check...
2025-03-12 09:58:54,730 - INFO - 
Checking prices at 2025-03-12 09:58:54
2025-03-12 09:58:58,029 - INFO - Current price: $199.00, Target: $29.99
2025-03-12 09:58:58,032 - INFO - Waiting 60 seconds before next check...
2025-03-12 09:59:03,768 - INFO - 
Checking prices at 2025-03-12 09:59:03
2025-03-12 09:59:06,770 - INFO - Current price: $199.00, Target: $29.99
2025-03-12 09:59:06,771 - INFO - Waiting 60 seconds before next check...
2025-03-12 09:59:58,039 - INFO - 
Checking prices at 2025-03-12 09:59:58
2025-03-12 10:00:02,646 - INFO - Current price: $199.00, Target: $29.99
2025-03-12 10:00:02,647 - INFO - Waiting 60 seconds before next check...
2025-03-12 10:01:02,648 - INFO - 
Checking prices at 2025-03-12 10:01:02
2025-03-12 10:01:06,486 - INFO - Current price: $199.00, Target: $29.99
2025-03-12 10:01:06,487 - INFO - Waiting 60 seconds before next check...
2025-03-12 10:02:06,488 - INFO - 
Checking prices at 2025-03-12 10:02:06
2025-03-12 10:02:10,148 - INFO - Current price: $199.00, Target: $29.99
2025-03-12 10:02:10,148 - INFO - Waiting 60 seconds before next check...
2025-03-12 10:03:10,150 - INFO - 
Checking prices at 2025-03-12 10:03:10
2025-03-12 10:03:14,748 - INFO - Current price: $199.00, Target: $29.99
2025-03-12 10:03:14,749 - INFO - Waiting 60 seconds before next check...
2025-03-12 10:04:14,752 - INFO - 
Checking prices at 2025-03-12 10:04:14
2025-03-12 10:04:19,177 - INFO - Current price: $199.00, Target: $29.99
2025-03-12 10:04:19,177 - INFO - Waiting 60 seconds before next check...
2025-03-12 10:05:19,198 - INFO - 
Checking prices at 2025-03-12 10:05:19
2025-03-12 10:05:36,099 - INFO - Current price: $199.00, Target: $29.99
2025-03-12 10:05:36,115 - INFO - Waiting 60 seconds before next check...
2025-03-12 10:06:36,116 - INFO - 
Checking prices at 2025-03-12 10:06:36
2025-03-12 10:06:39,912 - INFO - Current price: $199.00, Target: $29.99
2025-03-12 10:06:39,915 - INFO - Waiting 60 seconds before next check...
2025-03-12 10:12:18,991 - INFO - Starting Amazon Price Monitor...
2025-03-12 10:12:19,005 - INFO - Monitoring 0 products
2025-03-12 10:12:19,006 - INFO - 
Checking prices at 2025-03-12 10:12:19
2025-03-12 10:12:19,018 - INFO - Waiting 60 seconds before next check...
2025-03-12 10:13:19,018 - INFO - 
Checking prices at 2025-03-12 10:13:19
2025-03-12 10:13:19,021 - INFO - Waiting 60 seconds before next check...
2025-03-12 10:14:19,022 - INFO - 
Checking prices at 2025-03-12 10:14:19
2025-03-12 10:14:19,029 - INFO - Waiting 60 seconds before next check...
2025-03-12 10:15:19,030 - INFO - 
Checking prices at 2025-03-12 10:15:19
2025-03-12 10:15:19,031 - INFO - Waiting 60 seconds before next check...
2025-03-12 10:16:19,035 - INFO - 
Checking prices at 2025-03-12 10:16:19
2025-03-12 10:16:19,036 - INFO - Waiting 60 seconds before next check...
2025-03-12 10:17:07,831 - INFO - Starting Amazon Price Monitor...
2025-03-12 10:17:07,833 - INFO - Monitoring 0 products
2025-03-12 10:17:07,833 - INFO - 
Checking prices at 2025-03-12 10:17:07
2025-03-12 10:17:07,833 - INFO - Waiting 60 seconds before next check...
2025-03-12 10:18:07,833 - INFO - 
Checking prices at 2025-03-12 10:18:07
2025-03-12 10:18:07,834 - INFO - Waiting 60 seconds before next check...
2025-03-12 10:18:30,529 - INFO - Starting Amazon Price Monitor...
2025-03-12 10:18:30,529 - INFO - Monitoring 0 products
2025-03-12 10:18:30,529 - INFO - 
Checking prices at 2025-03-12 10:18:30
2025-03-12 10:18:30,529 - INFO - Waiting 60 seconds before next check...
2025-03-12 10:19:30,529 - INFO - 
Checking prices at 2025-03-12 10:19:30
2025-03-12 10:19:30,529 - INFO - Waiting 60 seconds before next check...
2025-03-12 10:20:30,530 - INFO - 
Checking prices at 2025-03-12 10:20:30
2025-03-12 10:20:30,530 - INFO - Waiting 60 seconds before next check...
2025-03-12 10:21:30,530 - INFO - 
Checking prices at 2025-03-12 10:21:30
2025-03-12 10:21:30,531 - INFO - Waiting 60 seconds before next check...
2025-03-12 10:22:30,531 - INFO - 
Checking prices at 2025-03-12 10:22:30
2025-03-12 10:22:30,532 - INFO - Waiting 60 seconds before next check...
2025-03-12 10:23:30,532 - INFO - 
Checking prices at 2025-03-12 10:23:30
2025-03-12 10:23:30,532 - INFO - Waiting 60 seconds before next check...
2025-03-12 10:24:30,533 - INFO - 
Checking prices at 2025-03-12 10:24:30
2025-03-12 10:24:30,538 - INFO - Waiting 60 seconds before next check...
2025-03-12 10:25:30,539 - INFO - 
Checking prices at 2025-03-12 10:25:30
2025-03-12 10:25:30,539 - INFO - Waiting 60 seconds before next check...
2025-03-12 10:26:30,541 - INFO - 
Checking prices at 2025-03-12 10:26:30
2025-03-12 10:26:30,541 - INFO - Waiting 60 seconds before next check...
2025-03-12 10:27:30,542 - INFO - 
Checking prices at 2025-03-12 10:27:30
2025-03-12 10:27:30,542 - INFO - Waiting 60 seconds before next check...
2025-03-12 10:28:30,544 - INFO - 
Checking prices at 2025-03-12 10:28:30
2025-03-12 10:28:30,545 - INFO - Waiting 60 seconds before next check...
2025-03-12 11:33:52,412 - INFO - Starting Amazon Price Monitor...
2025-03-12 11:33:52,412 - INFO - Monitoring 1 products
2025-03-12 11:33:52,412 - INFO - 
Checking prices at 2025-03-12 11:33:52
2025-03-12 11:33:55,202 - INFO - Current price: €10.99, Target: €40.00
2025-03-12 11:33:55,203 - INFO - Waiting 60 seconds before next check...
2025-03-12 11:34:55,204 - INFO - 
Checking prices at 2025-03-12 11:34:55
2025-03-12 11:34:57,529 - INFO - Current price: €79.99, Target: €40.00
2025-03-12 11:34:57,529 - INFO - Waiting 60 seconds before next check...
2025-03-12 11:35:57,530 - INFO - 
Checking prices at 2025-03-12 11:35:57
2025-03-12 11:35:59,835 - INFO - Current price: €10.99, Target: €40.00
2025-03-12 11:36:02,446 - INFO - Current price: €74.99, Target: €75.00
2025-03-12 11:36:02,446 - INFO - 
==================================================
Price Alert!
Product is available at €74.99
Target price: €75.00
URL: https://www.amazon.de/Pok%C3%A9mon-Sammelkartenspiel-%C3%9Cberraschungsbox-Prismatische-Entwicklungen-holografische/dp/B0DXFRZR9S/ref=sr_1_3?crid=2XM2966AYV9WF&dib=eyJ2IjoiMSJ9.lb_iRRcuj14ynQOFweltM6v5suGZlXB6rxzHSkMNxtjT4JY08Ttz29Z5abv0arYMuthwGFL4aY2chrNqsHCrBgwKOokJyOGhUlg2N4t5db2UQlTFLhaOf6KbNNUsUC2tg05Q2qs2b7ah7U-cdwJW68Ej-QBHvogKkzTX0VHJOiuVHFrJ_pcl__QX3unza2aFBpJemHvf7VCQsWRIW88xM5XUNzgKrW0zSx7Gb41NHh3APV9_qxykqOwbMo5etiE2JYc5edl2RXPvfQMSdBncqshL7TMavOzxFz8zICXoPUmOVk9OUvyQD3bNGqWZiAz-RGIO6Kg5Hwr8lbnuG2M-8wf884AHcZ__adnCGAVc7rk.8kjjzaY4A71yBkOgPnY3HWCqNeWv6eN9Wl1fFdXwLgg&dib_tag=se&keywords=prismatische+entwicklungen&qid=1741775692&s=toys&sprefix=prismatische%2Ctoys%2C124&sr=1-3
==================================================
2025-03-12 11:36:02,446 - INFO - Waiting 60 seconds before next check...
2025-03-12 11:37:02,447 - INFO - 
Checking prices at 2025-03-12 11:37:02
2025-03-12 11:37:04,870 - INFO - Current price: €10.99, Target: €40.00
2025-03-12 11:37:07,136 - INFO - Current price: €74.99, Target: €75.00
2025-03-12 11:37:07,137 - INFO - 
==================================================
Price Alert!
Product is available at €74.99
Target price: €75.00
URL: https://www.amazon.de/Pok%C3%A9mon-Sammelkartenspiel-%C3%9Cberraschungsbox-Prismatische-Entwicklungen-holografische/dp/B0DXFRZR9S/ref=sr_1_3?crid=2XM2966AYV9WF&dib=eyJ2IjoiMSJ9.lb_iRRcuj14ynQOFweltM6v5suGZlXB6rxzHSkMNxtjT4JY08Ttz29Z5abv0arYMuthwGFL4aY2chrNqsHCrBgwKOokJyOGhUlg2N4t5db2UQlTFLhaOf6KbNNUsUC2tg05Q2qs2b7ah7U-cdwJW68Ej-QBHvogKkzTX0VHJOiuVHFrJ_pcl__QX3unza2aFBpJemHvf7VCQsWRIW88xM5XUNzgKrW0zSx7Gb41NHh3APV9_qxykqOwbMo5etiE2JYc5edl2RXPvfQMSdBncqshL7TMavOzxFz8zICXoPUmOVk9OUvyQD3bNGqWZiAz-RGIO6Kg5Hwr8lbnuG2M-8wf884AHcZ__adnCGAVc7rk.8kjjzaY4A71yBkOgPnY3HWCqNeWv6eN9Wl1fFdXwLgg&dib_tag=se&keywords=prismatische+entwicklungen&qid=1741775692&s=toys&sprefix=prismatische%2Ctoys%2C124&sr=1-3
==================================================
2025-03-12 11:37:07,137 - INFO - Waiting 60 seconds before next check...
2025-03-12 11:38:07,138 - INFO - 
Checking prices at 2025-03-12 11:38:07
2025-03-12 11:38:09,356 - INFO - Current price: €44.99, Target: €40.00
2025-03-12 11:38:11,431 - INFO - Current price: €74.99, Target: €75.00
2025-03-12 11:38:11,431 - INFO - 
==================================================
Price Alert!
Product is available at €74.99
Target price: €75.00
URL: https://www.amazon.de/Pok%C3%A9mon-Sammelkartenspiel-%C3%9Cberraschungsbox-Prismatische-Entwicklungen-holografische/dp/B0DXFRZR9S/ref=sr_1_3?crid=2XM2966AYV9WF&dib=eyJ2IjoiMSJ9.lb_iRRcuj14ynQOFweltM6v5suGZlXB6rxzHSkMNxtjT4JY08Ttz29Z5abv0arYMuthwGFL4aY2chrNqsHCrBgwKOokJyOGhUlg2N4t5db2UQlTFLhaOf6KbNNUsUC2tg05Q2qs2b7ah7U-cdwJW68Ej-QBHvogKkzTX0VHJOiuVHFrJ_pcl__QX3unza2aFBpJemHvf7VCQsWRIW88xM5XUNzgKrW0zSx7Gb41NHh3APV9_qxykqOwbMo5etiE2JYc5edl2RXPvfQMSdBncqshL7TMavOzxFz8zICXoPUmOVk9OUvyQD3bNGqWZiAz-RGIO6Kg5Hwr8lbnuG2M-8wf884AHcZ__adnCGAVc7rk.8kjjzaY4A71yBkOgPnY3HWCqNeWv6eN9Wl1fFdXwLgg&dib_tag=se&keywords=prismatische+entwicklungen&qid=1741775692&s=toys&sprefix=prismatische%2Ctoys%2C124&sr=1-3
==================================================
2025-03-12 11:38:11,432 - INFO - Waiting 60 seconds before next check...
2025-03-12 11:39:11,432 - INFO - 
Checking prices at 2025-03-12 11:39:11
2025-03-12 11:39:14,261 - INFO - Current price: €44.99, Target: €40.00
2025-03-12 11:39:16,606 - INFO - Current price: €74.99, Target: €75.00
2025-03-12 11:39:16,609 - INFO - 
==================================================
Price Alert!
Product is available at €74.99
Target price: €75.00
URL: https://www.amazon.de/Pok%C3%A9mon-Sammelkartenspiel-%C3%9Cberraschungsbox-Prismatische-Entwicklungen-holografische/dp/B0DXFRZR9S/ref=sr_1_3?crid=2XM2966AYV9WF&dib=eyJ2IjoiMSJ9.lb_iRRcuj14ynQOFweltM6v5suGZlXB6rxzHSkMNxtjT4JY08Ttz29Z5abv0arYMuthwGFL4aY2chrNqsHCrBgwKOokJyOGhUlg2N4t5db2UQlTFLhaOf6KbNNUsUC2tg05Q2qs2b7ah7U-cdwJW68Ej-QBHvogKkzTX0VHJOiuVHFrJ_pcl__QX3unza2aFBpJemHvf7VCQsWRIW88xM5XUNzgKrW0zSx7Gb41NHh3APV9_qxykqOwbMo5etiE2JYc5edl2RXPvfQMSdBncqshL7TMavOzxFz8zICXoPUmOVk9OUvyQD3bNGqWZiAz-RGIO6Kg5Hwr8lbnuG2M-8wf884AHcZ__adnCGAVc7rk.8kjjzaY4A71yBkOgPnY3HWCqNeWv6eN9Wl1fFdXwLgg&dib_tag=se&keywords=prismatische+entwicklungen&qid=1741775692&s=toys&sprefix=prismatische%2Ctoys%2C124&sr=1-3
==================================================
2025-03-12 11:39:16,610 - INFO - Waiting 60 seconds before next check...
2025-03-12 11:39:49,593 - INFO - Starting Amazon Price Monitor...
2025-03-12 11:39:49,593 - INFO - Monitoring 1 products
2025-03-12 11:39:49,593 - INFO - 
Checking prices at 2025-03-12 11:39:49
2025-03-12 11:39:50,614 - INFO - Starting Amazon Price Monitor...
2025-03-12 11:39:50,614 - INFO - Monitoring 1 products
2025-03-12 11:39:50,614 - INFO - 
Checking prices at 2025-03-12 11:39:50
2025-03-12 11:39:52,427 - INFO - Current price: €29.94, Target: €40.00
2025-03-12 11:39:52,428 - INFO - Price monitoring stopped
2025-03-12 11:39:53,311 - INFO - Current price: €29.94, Target: €40.00
2025-03-12 11:39:53,311 - INFO - Waiting 60 seconds before next check...
2025-03-12 11:40:16,610 - INFO - Price monitoring stopped
2025-03-12 11:40:53,312 - INFO - 
Checking prices at 2025-03-12 11:40:53
2025-03-12 11:40:55,909 - INFO - Current price: €29.94, Target: €40.00
2025-03-12 11:40:55,909 - INFO - Waiting 60 seconds before next check...
2025-03-12 11:41:02,144 - INFO - Starting Amazon Price Monitor...
2025-03-12 11:41:02,144 - INFO - Monitoring 1 products
2025-03-12 11:41:02,145 - INFO - 
Checking prices at 2025-03-12 11:41:02
2025-03-12 11:41:04,835 - INFO - Current price: €79.99, Target: €85.00
2025-03-12 11:41:04,835 - INFO - 
==================================================
Price Alert!
Product is available at €79.99
Target price: €85.00
URL: https://www.amazon.de/Prismatische-Entwicklungen-Boosterpacks-Heartforcards%C2%AE-Versandschutz/dp/B0DSPZ9229/ref=sr_1_3?__mk_de_DE=%C3%85M%C3%85%C5%BD%C3%95%C3%91&crid=370DFM3MIWKLN&dib=eyJ2IjoiMSJ9.lb_iRRcuj14ynQOFweltM6v5suGZlXB6rxzHSkMNxtjT4JY08Ttz29Z5abv0arYMuthwGFL4aY2chrNqsHCrBgwKOokJyOGhUlg2N4t5db2UQlTFLhaOf6KbNNUsUC2tg05Q2qs2b7ah7U-cdwJW68Ej-QBHvogKkzTX0VHJOiuVHFrJ_pcl__QX3unza2aFBpJemHvf7VCQsWRIW88xM5XUNzgKrW0zSx7Gb41NHh3APV9_qxykqOwbMo5etiE2JYc5edl2RXPvfQMSdBncqliGAJIdNuSR_4YA4DLmKWU.gRankwvUtZWP-DxVaMwbFPH3VQAjSae4yFd1yNwlp6s&dib_tag=se&keywords=prismatische+entwicklungen&qid=1741776023&s=toys&sprefix=prismatische+entwicklungen%2Ctoys%2C117&sr=1-3
==================================================
2025-03-12 11:41:04,835 - INFO - Price monitoring stopped
2025-03-12 11:41:04,856 - INFO - Starting Amazon Price Monitor...
2025-03-12 11:41:04,856 - INFO - Monitoring 1 products
2025-03-12 11:41:04,857 - INFO - 
Checking prices at 2025-03-12 11:41:04
2025-03-12 11:41:05,875 - INFO - Starting Amazon Price Monitor...
2025-03-12 11:41:05,875 - INFO - Monitoring 1 products
2025-03-12 11:41:05,875 - INFO - 
Checking prices at 2025-03-12 11:41:05
2025-03-12 11:41:07,509 - INFO - Current price: €79.99, Target: €85.00
2025-03-12 11:41:07,510 - INFO - 
==================================================
Price Alert!
Product is available at €79.99
Target price: €85.00
URL: https://www.amazon.de/Prismatische-Entwicklungen-Boosterpacks-Heartforcards%C2%AE-Versandschutz/dp/B0DSPZ9229/ref=sr_1_3?__mk_de_DE=%C3%85M%C3%85%C5%BD%C3%95%C3%91&crid=370DFM3MIWKLN&dib=eyJ2IjoiMSJ9.lb_iRRcuj14ynQOFweltM6v5suGZlXB6rxzHSkMNxtjT4JY08Ttz29Z5abv0arYMuthwGFL4aY2chrNqsHCrBgwKOokJyOGhUlg2N4t5db2UQlTFLhaOf6KbNNUsUC2tg05Q2qs2b7ah7U-cdwJW68Ej-QBHvogKkzTX0VHJOiuVHFrJ_pcl__QX3unza2aFBpJemHvf7VCQsWRIW88xM5XUNzgKrW0zSx7Gb41NHh3APV9_qxykqOwbMo5etiE2JYc5edl2RXPvfQMSdBncqliGAJIdNuSR_4YA4DLmKWU.gRankwvUtZWP-DxVaMwbFPH3VQAjSae4yFd1yNwlp6s&dib_tag=se&keywords=prismatische+entwicklungen&qid=1741776023&s=toys&sprefix=prismatische+entwicklungen%2Ctoys%2C117&sr=1-3
==================================================
2025-03-12 11:41:07,510 - INFO - Price monitoring stopped
2025-03-12 11:41:08,343 - INFO - Current price: €79.99, Target: €85.00
2025-03-12 11:41:08,343 - INFO - 
==================================================
Price Alert!
Product is available at €79.99
Target price: €85.00
URL: https://www.amazon.de/Prismatische-Entwicklungen-Boosterpacks-Heartforcards%C2%AE-Versandschutz/dp/B0DSPZ9229/ref=sr_1_3?__mk_de_DE=%C3%85M%C3%85%C5%BD%C3%95%C3%91&crid=370DFM3MIWKLN&dib=eyJ2IjoiMSJ9.lb_iRRcuj14ynQOFweltM6v5suGZlXB6rxzHSkMNxtjT4JY08Ttz29Z5abv0arYMuthwGFL4aY2chrNqsHCrBgwKOokJyOGhUlg2N4t5db2UQlTFLhaOf6KbNNUsUC2tg05Q2qs2b7ah7U-cdwJW68Ej-QBHvogKkzTX0VHJOiuVHFrJ_pcl__QX3unza2aFBpJemHvf7VCQsWRIW88xM5XUNzgKrW0zSx7Gb41NHh3APV9_qxykqOwbMo5etiE2JYc5edl2RXPvfQMSdBncqliGAJIdNuSR_4YA4DLmKWU.gRankwvUtZWP-DxVaMwbFPH3VQAjSae4yFd1yNwlp6s&dib_tag=se&keywords=prismatische+entwicklungen&qid=1741776023&s=toys&sprefix=prismatische+entwicklungen%2Ctoys%2C117&sr=1-3
==================================================
2025-03-12 11:41:08,343 - INFO - Waiting 60 seconds before next check...
2025-03-12 11:41:55,909 - INFO - Price monitoring stopped
2025-03-12 11:42:08,344 - INFO - 
Checking prices at 2025-03-12 11:42:08
2025-03-12 11:42:10,600 - INFO - Current price: €79.99, Target: €85.00
2025-03-12 11:42:10,600 - INFO - 
==================================================
Price Alert!
Product is available at €79.99
Target price: €85.00
URL: https://www.amazon.de/Prismatische-Entwicklungen-Boosterpacks-Heartforcards%C2%AE-Versandschutz/dp/B0DSPZ9229/ref=sr_1_3?__mk_de_DE=%C3%85M%C3%85%C5%BD%C3%95%C3%91&crid=370DFM3MIWKLN&dib=eyJ2IjoiMSJ9.lb_iRRcuj14ynQOFweltM6v5suGZlXB6rxzHSkMNxtjT4JY08Ttz29Z5abv0arYMuthwGFL4aY2chrNqsHCrBgwKOokJyOGhUlg2N4t5db2UQlTFLhaOf6KbNNUsUC2tg05Q2qs2b7ah7U-cdwJW68Ej-QBHvogKkzTX0VHJOiuVHFrJ_pcl__QX3unza2aFBpJemHvf7VCQsWRIW88xM5XUNzgKrW0zSx7Gb41NHh3APV9_qxykqOwbMo5etiE2JYc5edl2RXPvfQMSdBncqliGAJIdNuSR_4YA4DLmKWU.gRankwvUtZWP-DxVaMwbFPH3VQAjSae4yFd1yNwlp6s&dib_tag=se&keywords=prismatische+entwicklungen&qid=1741776023&s=toys&sprefix=prismatische+entwicklungen%2Ctoys%2C117&sr=1-3
==================================================
2025-03-12 11:42:10,601 - INFO - Waiting 60 seconds before next check...
2025-03-12 11:43:10,601 - INFO - 
Checking prices at 2025-03-12 11:43:10
2025-03-12 11:43:12,725 - INFO - Current price: €79.99, Target: €85.00
2025-03-12 11:43:12,725 - INFO - 
==================================================
Price Alert!
Product is available at €79.99
Target price: €85.00
URL: https://www.amazon.de/Prismatische-Entwicklungen-Boosterpacks-Heartforcards%C2%AE-Versandschutz/dp/B0DSPZ9229/ref=sr_1_3?__mk_de_DE=%C3%85M%C3%85%C5%BD%C3%95%C3%91&crid=370DFM3MIWKLN&dib=eyJ2IjoiMSJ9.lb_iRRcuj14ynQOFweltM6v5suGZlXB6rxzHSkMNxtjT4JY08Ttz29Z5abv0arYMuthwGFL4aY2chrNqsHCrBgwKOokJyOGhUlg2N4t5db2UQlTFLhaOf6KbNNUsUC2tg05Q2qs2b7ah7U-cdwJW68Ej-QBHvogKkzTX0VHJOiuVHFrJ_pcl__QX3unza2aFBpJemHvf7VCQsWRIW88xM5XUNzgKrW0zSx7Gb41NHh3APV9_qxykqOwbMo5etiE2JYc5edl2RXPvfQMSdBncqliGAJIdNuSR_4YA4DLmKWU.gRankwvUtZWP-DxVaMwbFPH3VQAjSae4yFd1yNwlp6s&dib_tag=se&keywords=prismatische+entwicklungen&qid=1741776023&s=toys&sprefix=prismatische+entwicklungen%2Ctoys%2C117&sr=1-3
==================================================
2025-03-12 11:43:12,725 - INFO - Waiting 60 seconds before next check...
2025-03-12 11:44:12,726 - INFO - 
Checking prices at 2025-03-12 11:44:12
2025-03-12 11:44:15,034 - INFO - Current price: €79.99, Target: €85.00
2025-03-12 11:44:15,034 - INFO - 
==================================================
Price Alert!
Product is available at €79.99
Target price: €85.00
URL: https://www.amazon.de/Prismatische-Entwicklungen-Boosterpacks-Heartforcards%C2%AE-Versandschutz/dp/B0DSPZ9229/ref=sr_1_3?__mk_de_DE=%C3%85M%C3%85%C5%BD%C3%95%C3%91&crid=370DFM3MIWKLN&dib=eyJ2IjoiMSJ9.lb_iRRcuj14ynQOFweltM6v5suGZlXB6rxzHSkMNxtjT4JY08Ttz29Z5abv0arYMuthwGFL4aY2chrNqsHCrBgwKOokJyOGhUlg2N4t5db2UQlTFLhaOf6KbNNUsUC2tg05Q2qs2b7ah7U-cdwJW68Ej-QBHvogKkzTX0VHJOiuVHFrJ_pcl__QX3unza2aFBpJemHvf7VCQsWRIW88xM5XUNzgKrW0zSx7Gb41NHh3APV9_qxykqOwbMo5etiE2JYc5edl2RXPvfQMSdBncqliGAJIdNuSR_4YA4DLmKWU.gRankwvUtZWP-DxVaMwbFPH3VQAjSae4yFd1yNwlp6s&dib_tag=se&keywords=prismatische+entwicklungen&qid=1741776023&s=toys&sprefix=prismatische+entwicklungen%2Ctoys%2C117&sr=1-3
==================================================
2025-03-12 11:44:15,035 - INFO - Waiting 60 seconds before next check...
2025-03-12 11:45:15,035 - INFO - 
Checking prices at 2025-03-12 11:45:15
2025-03-12 11:45:17,217 - INFO - Current price: €79.99, Target: €85.00
2025-03-12 11:45:17,218 - INFO - 
==================================================
Price Alert!
Product is available at €79.99
Target price: €85.00
URL: https://www.amazon.de/Prismatische-Entwicklungen-Boosterpacks-Heartforcards%C2%AE-Versandschutz/dp/B0DSPZ9229/ref=sr_1_3?__mk_de_DE=%C3%85M%C3%85%C5%BD%C3%95%C3%91&crid=370DFM3MIWKLN&dib=eyJ2IjoiMSJ9.lb_iRRcuj14ynQOFweltM6v5suGZlXB6rxzHSkMNxtjT4JY08Ttz29Z5abv0arYMuthwGFL4aY2chrNqsHCrBgwKOokJyOGhUlg2N4t5db2UQlTFLhaOf6KbNNUsUC2tg05Q2qs2b7ah7U-cdwJW68Ej-QBHvogKkzTX0VHJOiuVHFrJ_pcl__QX3unza2aFBpJemHvf7VCQsWRIW88xM5XUNzgKrW0zSx7Gb41NHh3APV9_qxykqOwbMo5etiE2JYc5edl2RXPvfQMSdBncqliGAJIdNuSR_4YA4DLmKWU.gRankwvUtZWP-DxVaMwbFPH3VQAjSae4yFd1yNwlp6s&dib_tag=se&keywords=prismatische+entwicklungen&qid=1741776023&s=toys&sprefix=prismatische+entwicklungen%2Ctoys%2C117&sr=1-3
==================================================
2025-03-12 11:45:17,218 - INFO - Waiting 60 seconds before next check...
2025-03-12 11:46:17,219 - INFO - 
Checking prices at 2025-03-12 11:46:17
2025-03-12 11:46:19,753 - INFO - Current price: €79.99, Target: €85.00
2025-03-12 11:46:19,753 - INFO - 
==================================================
Price Alert!
Product is available at €79.99
Target price: €85.00
URL: https://www.amazon.de/Prismatische-Entwicklungen-Boosterpacks-Heartforcards%C2%AE-Versandschutz/dp/B0DSPZ9229/ref=sr_1_3?__mk_de_DE=%C3%85M%C3%85%C5%BD%C3%95%C3%91&crid=370DFM3MIWKLN&dib=eyJ2IjoiMSJ9.lb_iRRcuj14ynQOFweltM6v5suGZlXB6rxzHSkMNxtjT4JY08Ttz29Z5abv0arYMuthwGFL4aY2chrNqsHCrBgwKOokJyOGhUlg2N4t5db2UQlTFLhaOf6KbNNUsUC2tg05Q2qs2b7ah7U-cdwJW68Ej-QBHvogKkzTX0VHJOiuVHFrJ_pcl__QX3unza2aFBpJemHvf7VCQsWRIW88xM5XUNzgKrW0zSx7Gb41NHh3APV9_qxykqOwbMo5etiE2JYc5edl2RXPvfQMSdBncqliGAJIdNuSR_4YA4DLmKWU.gRankwvUtZWP-DxVaMwbFPH3VQAjSae4yFd1yNwlp6s&dib_tag=se&keywords=prismatische+entwicklungen&qid=1741776023&s=toys&sprefix=prismatische+entwicklungen%2Ctoys%2C117&sr=1-3
==================================================
2025-03-12 11:46:19,753 - INFO - Waiting 60 seconds before next check...
2025-03-12 11:47:19,754 - INFO - 
Checking prices at 2025-03-12 11:47:19
2025-03-12 11:47:22,088 - INFO - Current price: €79.99, Target: €85.00
2025-03-12 11:47:22,088 - INFO - 
==================================================
Price Alert!
Product is available at €79.99
Target price: €85.00
URL: https://www.amazon.de/Prismatische-Entwicklungen-Boosterpacks-Heartforcards%C2%AE-Versandschutz/dp/B0DSPZ9229/ref=sr_1_3?__mk_de_DE=%C3%85M%C3%85%C5%BD%C3%95%C3%91&crid=370DFM3MIWKLN&dib=eyJ2IjoiMSJ9.lb_iRRcuj14ynQOFweltM6v5suGZlXB6rxzHSkMNxtjT4JY08Ttz29Z5abv0arYMuthwGFL4aY2chrNqsHCrBgwKOokJyOGhUlg2N4t5db2UQlTFLhaOf6KbNNUsUC2tg05Q2qs2b7ah7U-cdwJW68Ej-QBHvogKkzTX0VHJOiuVHFrJ_pcl__QX3unza2aFBpJemHvf7VCQsWRIW88xM5XUNzgKrW0zSx7Gb41NHh3APV9_qxykqOwbMo5etiE2JYc5edl2RXPvfQMSdBncqliGAJIdNuSR_4YA4DLmKWU.gRankwvUtZWP-DxVaMwbFPH3VQAjSae4yFd1yNwlp6s&dib_tag=se&keywords=prismatische+entwicklungen&qid=1741776023&s=toys&sprefix=prismatische+entwicklungen%2Ctoys%2C117&sr=1-3
==================================================
2025-03-12 11:47:22,088 - INFO - Waiting 60 seconds before next check...
2025-03-12 11:48:22,089 - INFO - 
Checking prices at 2025-03-12 11:48:22
2025-03-12 11:48:24,125 - INFO - Current price: €79.99, Target: €85.00
2025-03-12 11:48:24,125 - INFO - 
==================================================
Price Alert!
Product is available at €79.99
Target price: €85.00
URL: https://www.amazon.de/Prismatische-Entwicklungen-Boosterpacks-Heartforcards%C2%AE-Versandschutz/dp/B0DSPZ9229/ref=sr_1_3?__mk_de_DE=%C3%85M%C3%85%C5%BD%C3%95%C3%91&crid=370DFM3MIWKLN&dib=eyJ2IjoiMSJ9.lb_iRRcuj14ynQOFweltM6v5suGZlXB6rxzHSkMNxtjT4JY08Ttz29Z5abv0arYMuthwGFL4aY2chrNqsHCrBgwKOokJyOGhUlg2N4t5db2UQlTFLhaOf6KbNNUsUC2tg05Q2qs2b7ah7U-cdwJW68Ej-QBHvogKkzTX0VHJOiuVHFrJ_pcl__QX3unza2aFBpJemHvf7VCQsWRIW88xM5XUNzgKrW0zSx7Gb41NHh3APV9_qxykqOwbMo5etiE2JYc5edl2RXPvfQMSdBncqliGAJIdNuSR_4YA4DLmKWU.gRankwvUtZWP-DxVaMwbFPH3VQAjSae4yFd1yNwlp6s&dib_tag=se&keywords=prismatische+entwicklungen&qid=1741776023&s=toys&sprefix=prismatische+entwicklungen%2Ctoys%2C117&sr=1-3
==================================================
2025-03-12 11:48:24,126 - INFO - Waiting 60 seconds before next check...
2025-03-12 11:49:24,127 - INFO - 
Checking prices at 2025-03-12 11:49:24
2025-03-12 11:49:26,200 - INFO - Current price: €79.99, Target: €85.00
2025-03-12 11:49:26,200 - INFO - 
==================================================
Price Alert!
Product is available at €79.99
Target price: €85.00
URL: https://www.amazon.de/Prismatische-Entwicklungen-Boosterpacks-Heartforcards%C2%AE-Versandschutz/dp/B0DSPZ9229/ref=sr_1_3?__mk_de_DE=%C3%85M%C3%85%C5%BD%C3%95%C3%91&crid=370DFM3MIWKLN&dib=eyJ2IjoiMSJ9.lb_iRRcuj14ynQOFweltM6v5suGZlXB6rxzHSkMNxtjT4JY08Ttz29Z5abv0arYMuthwGFL4aY2chrNqsHCrBgwKOokJyOGhUlg2N4t5db2UQlTFLhaOf6KbNNUsUC2tg05Q2qs2b7ah7U-cdwJW68Ej-QBHvogKkzTX0VHJOiuVHFrJ_pcl__QX3unza2aFBpJemHvf7VCQsWRIW88xM5XUNzgKrW0zSx7Gb41NHh3APV9_qxykqOwbMo5etiE2JYc5edl2RXPvfQMSdBncqliGAJIdNuSR_4YA4DLmKWU.gRankwvUtZWP-DxVaMwbFPH3VQAjSae4yFd1yNwlp6s&dib_tag=se&keywords=prismatische+entwicklungen&qid=1741776023&s=toys&sprefix=prismatische+entwicklungen%2Ctoys%2C117&sr=1-3
==================================================
2025-03-12 11:49:26,201 - INFO - Waiting 60 seconds before next check...
2025-03-12 11:50:26,201 - INFO - 
Checking prices at 2025-03-12 11:50:26
2025-03-12 11:50:28,418 - INFO - Current price: €79.99, Target: €85.00
2025-03-12 11:50:28,419 - INFO - 
==================================================
Price Alert!
Product is available at €79.99
Target price: €85.00
URL: https://www.amazon.de/Prismatische-Entwicklungen-Boosterpacks-Heartforcards%C2%AE-Versandschutz/dp/B0DSPZ9229/ref=sr_1_3?__mk_de_DE=%C3%85M%C3%85%C5%BD%C3%95%C3%91&crid=370DFM3MIWKLN&dib=eyJ2IjoiMSJ9.lb_iRRcuj14ynQOFweltM6v5suGZlXB6rxzHSkMNxtjT4JY08Ttz29Z5abv0arYMuthwGFL4aY2chrNqsHCrBgwKOokJyOGhUlg2N4t5db2UQlTFLhaOf6KbNNUsUC2tg05Q2qs2b7ah7U-cdwJW68Ej-QBHvogKkzTX0VHJOiuVHFrJ_pcl__QX3unza2aFBpJemHvf7VCQsWRIW88xM5XUNzgKrW0zSx7Gb41NHh3APV9_qxykqOwbMo5etiE2JYc5edl2RXPvfQMSdBncqliGAJIdNuSR_4YA4DLmKWU.gRankwvUtZWP-DxVaMwbFPH3VQAjSae4yFd1yNwlp6s&dib_tag=se&keywords=prismatische+entwicklungen&qid=1741776023&s=toys&sprefix=prismatische+entwicklungen%2Ctoys%2C117&sr=1-3
==================================================
2025-03-12 11:50:28,419 - INFO - Waiting 60 seconds before next check...
2025-03-12 11:51:28,420 - INFO - 
Checking prices at 2025-03-12 11:51:28
2025-03-12 11:51:31,011 - INFO - Current price: €79.99, Target: €85.00
2025-03-12 11:51:31,011 - INFO - 
==================================================
Price Alert!
Product is available at €79.99
Target price: €85.00
URL: https://www.amazon.de/Prismatische-Entwicklungen-Boosterpacks-Heartforcards%C2%AE-Versandschutz/dp/B0DSPZ9229/ref=sr_1_3?__mk_de_DE=%C3%85M%C3%85%C5%BD%C3%95%C3%91&crid=370DFM3MIWKLN&dib=eyJ2IjoiMSJ9.lb_iRRcuj14ynQOFweltM6v5suGZlXB6rxzHSkMNxtjT4JY08Ttz29Z5abv0arYMuthwGFL4aY2chrNqsHCrBgwKOokJyOGhUlg2N4t5db2UQlTFLhaOf6KbNNUsUC2tg05Q2qs2b7ah7U-cdwJW68Ej-QBHvogKkzTX0VHJOiuVHFrJ_pcl__QX3unza2aFBpJemHvf7VCQsWRIW88xM5XUNzgKrW0zSx7Gb41NHh3APV9_qxykqOwbMo5etiE2JYc5edl2RXPvfQMSdBncqliGAJIdNuSR_4YA4DLmKWU.gRankwvUtZWP-DxVaMwbFPH3VQAjSae4yFd1yNwlp6s&dib_tag=se&keywords=prismatische+entwicklungen&qid=1741776023&s=toys&sprefix=prismatische+entwicklungen%2Ctoys%2C117&sr=1-3
==================================================
2025-03-12 11:51:31,011 - INFO - Waiting 60 seconds before next check...
2025-03-12 11:52:31,012 - INFO - 
Checking prices at 2025-03-12 11:52:31
2025-03-12 11:52:33,294 - INFO - Current price: €79.99, Target: €85.00
2025-03-12 11:52:33,295 - INFO - 
==================================================
Price Alert!
Product is available at €79.99
Target price: €85.00
URL: https://www.amazon.de/Prismatische-Entwicklungen-Boosterpacks-Heartforcards%C2%AE-Versandschutz/dp/B0DSPZ9229/ref=sr_1_3?__mk_de_DE=%C3%85M%C3%85%C5%BD%C3%95%C3%91&crid=370DFM3MIWKLN&dib=eyJ2IjoiMSJ9.lb_iRRcuj14ynQOFweltM6v5suGZlXB6rxzHSkMNxtjT4JY08Ttz29Z5abv0arYMuthwGFL4aY2chrNqsHCrBgwKOokJyOGhUlg2N4t5db2UQlTFLhaOf6KbNNUsUC2tg05Q2qs2b7ah7U-cdwJW68Ej-QBHvogKkzTX0VHJOiuVHFrJ_pcl__QX3unza2aFBpJemHvf7VCQsWRIW88xM5XUNzgKrW0zSx7Gb41NHh3APV9_qxykqOwbMo5etiE2JYc5edl2RXPvfQMSdBncqliGAJIdNuSR_4YA4DLmKWU.gRankwvUtZWP-DxVaMwbFPH3VQAjSae4yFd1yNwlp6s&dib_tag=se&keywords=prismatische+entwicklungen&qid=1741776023&s=toys&sprefix=prismatische+entwicklungen%2Ctoys%2C117&sr=1-3
==================================================
2025-03-12 11:52:33,295 - INFO - Waiting 60 seconds before next check...
2025-03-12 11:53:33,296 - INFO - 
Checking prices at 2025-03-12 11:53:33
2025-03-12 11:53:35,575 - INFO - Current price: €79.99, Target: €85.00
2025-03-12 11:53:35,575 - INFO - 
==================================================
Price Alert!
Product is available at €79.99
Target price: €85.00
URL: https://www.amazon.de/Prismatische-Entwicklungen-Boosterpacks-Heartforcards%C2%AE-Versandschutz/dp/B0DSPZ9229/ref=sr_1_3?__mk_de_DE=%C3%85M%C3%85%C5%BD%C3%95%C3%91&crid=370DFM3MIWKLN&dib=eyJ2IjoiMSJ9.lb_iRRcuj14ynQOFweltM6v5suGZlXB6rxzHSkMNxtjT4JY08Ttz29Z5abv0arYMuthwGFL4aY2chrNqsHCrBgwKOokJyOGhUlg2N4t5db2UQlTFLhaOf6KbNNUsUC2tg05Q2qs2b7ah7U-cdwJW68Ej-QBHvogKkzTX0VHJOiuVHFrJ_pcl__QX3unza2aFBpJemHvf7VCQsWRIW88xM5XUNzgKrW0zSx7Gb41NHh3APV9_qxykqOwbMo5etiE2JYc5edl2RXPvfQMSdBncqliGAJIdNuSR_4YA4DLmKWU.gRankwvUtZWP-DxVaMwbFPH3VQAjSae4yFd1yNwlp6s&dib_tag=se&keywords=prismatische+entwicklungen&qid=1741776023&s=toys&sprefix=prismatische+entwicklungen%2Ctoys%2C117&sr=1-3
==================================================
2025-03-12 11:53:35,576 - INFO - Waiting 60 seconds before next check...
2025-03-12 11:54:35,576 - INFO - 
Checking prices at 2025-03-12 11:54:35
2025-03-12 11:54:37,819 - INFO - Current price: €79.99, Target: €85.00
2025-03-12 11:54:37,820 - INFO - 
==================================================
Price Alert!
Product is available at €79.99
Target price: €85.00
URL: https://www.amazon.de/Prismatische-Entwicklungen-Boosterpacks-Heartforcards%C2%AE-Versandschutz/dp/B0DSPZ9229/ref=sr_1_3?__mk_de_DE=%C3%85M%C3%85%C5%BD%C3%95%C3%91&crid=370DFM3MIWKLN&dib=eyJ2IjoiMSJ9.lb_iRRcuj14ynQOFweltM6v5suGZlXB6rxzHSkMNxtjT4JY08Ttz29Z5abv0arYMuthwGFL4aY2chrNqsHCrBgwKOokJyOGhUlg2N4t5db2UQlTFLhaOf6KbNNUsUC2tg05Q2qs2b7ah7U-cdwJW68Ej-QBHvogKkzTX0VHJOiuVHFrJ_pcl__QX3unza2aFBpJemHvf7VCQsWRIW88xM5XUNzgKrW0zSx7Gb41NHh3APV9_qxykqOwbMo5etiE2JYc5edl2RXPvfQMSdBncqliGAJIdNuSR_4YA4DLmKWU.gRankwvUtZWP-DxVaMwbFPH3VQAjSae4yFd1yNwlp6s&dib_tag=se&keywords=prismatische+entwicklungen&qid=1741776023&s=toys&sprefix=prismatische+entwicklungen%2Ctoys%2C117&sr=1-3
==================================================
2025-03-12 11:54:37,820 - INFO - Waiting 60 seconds before next check...
2025-03-12 11:55:37,821 - INFO - 
Checking prices at 2025-03-12 11:55:37
2025-03-12 11:55:40,110 - INFO - Current price: €79.99, Target: €85.00
2025-03-12 11:55:40,111 - INFO - 
==================================================
Price Alert!
Product is available at €79.99
Target price: €85.00
URL: https://www.amazon.de/Prismatische-Entwicklungen-Boosterpacks-Heartforcards%C2%AE-Versandschutz/dp/B0DSPZ9229/ref=sr_1_3?__mk_de_DE=%C3%85M%C3%85%C5%BD%C3%95%C3%91&crid=370DFM3MIWKLN&dib=eyJ2IjoiMSJ9.lb_iRRcuj14ynQOFweltM6v5suGZlXB6rxzHSkMNxtjT4JY08Ttz29Z5abv0arYMuthwGFL4aY2chrNqsHCrBgwKOokJyOGhUlg2N4t5db2UQlTFLhaOf6KbNNUsUC2tg05Q2qs2b7ah7U-cdwJW68Ej-QBHvogKkzTX0VHJOiuVHFrJ_pcl__QX3unza2aFBpJemHvf7VCQsWRIW88xM5XUNzgKrW0zSx7Gb41NHh3APV9_qxykqOwbMo5etiE2JYc5edl2RXPvfQMSdBncqliGAJIdNuSR_4YA4DLmKWU.gRankwvUtZWP-DxVaMwbFPH3VQAjSae4yFd1yNwlp6s&dib_tag=se&keywords=prismatische+entwicklungen&qid=1741776023&s=toys&sprefix=prismatische+entwicklungen%2Ctoys%2C117&sr=1-3
==================================================
2025-03-12 11:55:40,111 - INFO - Waiting 60 seconds before next check...
2025-03-12 11:56:40,112 - INFO - 
Checking prices at 2025-03-12 11:56:40
2025-03-12 11:56:42,769 - INFO - Current price: €79.99, Target: €85.00
2025-03-12 11:56:42,770 - INFO - 
==================================================
Price Alert!
Product is available at €79.99
Target price: €85.00
URL: https://www.amazon.de/Prismatische-Entwicklungen-Boosterpacks-Heartforcards%C2%AE-Versandschutz/dp/B0DSPZ9229/ref=sr_1_3?__mk_de_DE=%C3%85M%C3%85%C5%BD%C3%95%C3%91&crid=370DFM3MIWKLN&dib=eyJ2IjoiMSJ9.lb_iRRcuj14ynQOFweltM6v5suGZlXB6rxzHSkMNxtjT4JY08Ttz29Z5abv0arYMuthwGFL4aY2chrNqsHCrBgwKOokJyOGhUlg2N4t5db2UQlTFLhaOf6KbNNUsUC2tg05Q2qs2b7ah7U-cdwJW68Ej-QBHvogKkzTX0VHJOiuVHFrJ_pcl__QX3unza2aFBpJemHvf7VCQsWRIW88xM5XUNzgKrW0zSx7Gb41NHh3APV9_qxykqOwbMo5etiE2JYc5edl2RXPvfQMSdBncqliGAJIdNuSR_4YA4DLmKWU.gRankwvUtZWP-DxVaMwbFPH3VQAjSae4yFd1yNwlp6s&dib_tag=se&keywords=prismatische+entwicklungen&qid=1741776023&s=toys&sprefix=prismatische+entwicklungen%2Ctoys%2C117&sr=1-3
==================================================
2025-03-12 11:56:42,770 - INFO - Waiting 60 seconds before next check...
2025-03-12 11:57:42,770 - INFO - 
Checking prices at 2025-03-12 11:57:42
2025-03-12 11:57:44,958 - INFO - Current price: €79.99, Target: €85.00
2025-03-12 11:57:44,958 - INFO - 
==================================================
Price Alert!
Product is available at €79.99
Target price: €85.00
URL: https://www.amazon.de/Prismatische-Entwicklungen-Boosterpacks-Heartforcards%C2%AE-Versandschutz/dp/B0DSPZ9229/ref=sr_1_3?__mk_de_DE=%C3%85M%C3%85%C5%BD%C3%95%C3%91&crid=370DFM3MIWKLN&dib=eyJ2IjoiMSJ9.lb_iRRcuj14ynQOFweltM6v5suGZlXB6rxzHSkMNxtjT4JY08Ttz29Z5abv0arYMuthwGFL4aY2chrNqsHCrBgwKOokJyOGhUlg2N4t5db2UQlTFLhaOf6KbNNUsUC2tg05Q2qs2b7ah7U-cdwJW68Ej-QBHvogKkzTX0VHJOiuVHFrJ_pcl__QX3unza2aFBpJemHvf7VCQsWRIW88xM5XUNzgKrW0zSx7Gb41NHh3APV9_qxykqOwbMo5etiE2JYc5edl2RXPvfQMSdBncqliGAJIdNuSR_4YA4DLmKWU.gRankwvUtZWP-DxVaMwbFPH3VQAjSae4yFd1yNwlp6s&dib_tag=se&keywords=prismatische+entwicklungen&qid=1741776023&s=toys&sprefix=prismatische+entwicklungen%2Ctoys%2C117&sr=1-3
==================================================
2025-03-12 11:57:44,959 - INFO - Waiting 60 seconds before next check...
2025-03-12 11:58:29,406 - INFO - Starting Amazon Price Monitor...
2025-03-12 11:58:29,406 - INFO - Monitoring 2 products
2025-03-12 11:58:29,407 - INFO - 
Checking prices at 2025-03-12 11:58:29
2025-03-12 11:58:31,970 - INFO - Current price: €169.99, Target: €60.00
2025-03-12 11:58:34,630 - INFO - Current price: €44.99, Target: €40.00
2025-03-12 11:58:34,631 - INFO - Waiting 60 seconds before next check...
2025-03-12 11:58:44,960 - INFO - Price monitoring stopped
2025-03-12 11:59:34,631 - INFO - 
Checking prices at 2025-03-12 11:59:34
2025-03-12 11:59:36,834 - INFO - Current price: €169.99, Target: €60.00
2025-03-12 11:59:39,264 - INFO - Current price: €44.99, Target: €40.00
2025-03-12 11:59:39,265 - INFO - Waiting 60 seconds before next check...
2025-03-12 12:00:39,266 - INFO - 
Checking prices at 2025-03-12 12:00:39
2025-03-12 12:00:41,506 - INFO - Current price: €169.99, Target: €60.00
2025-03-12 12:00:43,706 - INFO - Current price: €44.99, Target: €40.00
2025-03-12 12:00:43,706 - INFO - Waiting 60 seconds before next check...
2025-03-12 12:01:43,706 - INFO - 
Checking prices at 2025-03-12 12:01:43
2025-03-12 12:01:46,274 - INFO - Current price: €169.99, Target: €60.00
2025-03-12 12:01:48,729 - INFO - Current price: €44.99, Target: €40.00
2025-03-12 12:01:48,730 - INFO - Waiting 60 seconds before next check...
2025-03-12 12:02:48,730 - INFO - 
Checking prices at 2025-03-12 12:02:48
2025-03-12 12:02:50,852 - INFO - Current price: €169.99, Target: €60.00
2025-03-12 12:02:53,381 - INFO - Current price: €29.94, Target: €40.00
2025-03-12 12:02:53,381 - INFO - Waiting 60 seconds before next check...
2025-03-12 12:03:53,381 - INFO - 
Checking prices at 2025-03-12 12:03:53
2025-03-12 12:03:55,845 - INFO - Current price: €169.99, Target: €60.00
2025-03-12 12:03:58,416 - INFO - Current price: €35.99, Target: €40.00
2025-03-12 12:03:58,416 - INFO - Waiting 60 seconds before next check...
2025-03-12 12:04:58,417 - INFO - 
Checking prices at 2025-03-12 12:04:58
2025-03-12 12:05:00,782 - INFO - Current price: €169.99, Target: €60.00
2025-03-12 12:05:03,176 - INFO - Current price: €44.99, Target: €40.00
2025-03-12 12:05:03,176 - INFO - Waiting 60 seconds before next check...
2025-03-12 12:06:03,177 - INFO - 
Checking prices at 2025-03-12 12:06:03
2025-03-12 12:06:05,413 - INFO - Current price: €169.99, Target: €60.00
2025-03-12 12:06:07,999 - INFO - Current price: €44.99, Target: €40.00
2025-03-12 12:06:08,000 - INFO - Waiting 60 seconds before next check...
2025-03-12 12:07:08,001 - INFO - 
Checking prices at 2025-03-12 12:07:08
2025-03-12 12:07:10,210 - INFO - Current price: €169.99, Target: €60.00
2025-03-12 12:07:12,679 - INFO - Current price: €44.99, Target: €40.00
2025-03-12 12:07:12,679 - INFO - Waiting 60 seconds before next check...
2025-03-12 12:08:12,680 - INFO - 
Checking prices at 2025-03-12 12:08:12
2025-03-12 12:08:14,922 - INFO - Current price: €169.99, Target: €60.00
2025-03-12 12:08:17,216 - INFO - Current price: €44.99, Target: €40.00
2025-03-12 12:08:17,216 - INFO - Waiting 60 seconds before next check...
2025-03-12 12:09:17,217 - INFO - 
Checking prices at 2025-03-12 12:09:17
2025-03-12 12:09:19,645 - INFO - Current price: €169.99, Target: €60.00
2025-03-12 12:09:22,094 - INFO - Current price: €44.99, Target: €40.00
2025-03-12 12:09:22,094 - INFO - Waiting 60 seconds before next check...
2025-03-12 12:10:22,095 - INFO - 
Checking prices at 2025-03-12 12:10:22
2025-03-12 12:10:24,415 - INFO - Current price: €169.99, Target: €60.00
2025-03-12 12:10:26,875 - INFO - Current price: €44.99, Target: €40.00
2025-03-12 12:10:26,875 - INFO - Waiting 60 seconds before next check...
2025-03-12 12:11:26,876 - INFO - 
Checking prices at 2025-03-12 12:11:26
2025-03-12 12:11:29,172 - INFO - Current price: €169.99, Target: €60.00
2025-03-12 12:11:31,455 - INFO - Current price: €44.99, Target: €40.00
2025-03-12 12:11:31,455 - INFO - Waiting 60 seconds before next check...
2025-03-12 12:12:31,456 - INFO - 
Checking prices at 2025-03-12 12:12:31
2025-03-12 12:12:33,738 - INFO - Current price: €169.99, Target: €60.00
2025-03-12 12:12:35,902 - INFO - Current price: €44.99, Target: €40.00
2025-03-12 12:12:35,902 - INFO - Waiting 60 seconds before next check...
